BluetoothLeGatt/build/outputs/logs/manifest-merger-debug-report.txt
-- Merging decision tree log ---
manifest
ADDED from src/main/AndroidManifest.xml:20:1-50:12
INJECTED from src/main/AndroidManifest.xml:20:1-50:12
INJECTED from src/main/AndroidManifest.xml:20:1-50:12
INJECTED from src/main/AndroidManifest.xml:20:1-50:12
INJECTED from src/main/AndroidManifest.xml:20:1-50:12
INJECTED from src/main/AndroidManifest.xml:20:1-50:12
INJECTED from src/main/AndroidManifest.xml:20:1-50:12
	package
		ADDED from src/main/AndroidManifest.xml:21:5-50
		INJECTED from src/main/AndroidManifest.xml
		INJECTED from src/main/AndroidManifest.xml
	android:versionName
		ADDED from src/main/AndroidManifest.xml:23:5-30
		INJECTED from src/main/AndroidManifest.xml
		INJECTED from src/main/AndroidManifest.xml
	xmlns:android
		ADDED from src/main/AndroidManifest.xml:20:11-69
	android:versionCode
		ADDED from src/main/AndroidManifest.xml:22:5-28
		INJECTED from src/main/AndroidManifest.xml
		INJECTED from src/main/AndroidManifest.xml
uses-feature#android.hardware.bluetooth_le
ADDED from src/main/AndroidManifest.xml:31:5-89
	android:required
		ADDED from src/main/AndroidManifest.xml:31:64-87
	android:name
		ADDED from src/main/AndroidManifest.xml:31:19-63
uses-permission#android.permission.BLUETOOTH
ADDED from src/main/AndroidManifest.xml:33:5-67
	android:name
		ADDED from src/main/AndroidManifest.xml:33:22-65
uses-permission#android.permission.BLUETOOTH_ADMIN
ADDED from src/main/AndroidManifest.xml:34:5-73
	android:name
		ADDED from src/main/AndroidManifest.xml:34:22-71
application
ADDED from src/main/AndroidManifest.xml:36:5-48:19
	android:label
		ADDED from src/main/AndroidManifest.xml:36:18-50
	android:icon
		ADDED from src/main/AndroidManifest.xml:37:9-45
	android:theme
		ADDED from src/main/AndroidManifest.xml:38:9-56
activity#com.example.android.bluetoothlegatt.DeviceControlActivity
ADDED from src/main/AndroidManifest.xml:46:9-58
	android:name
		ADDED from src/main/AndroidManifest.xml:46:19-56
service#com.example.android.bluetoothlegatt.BluetoothLeService
ADDED from src/main/AndroidManifest.xml:47:9-77
	android:enabled
		ADDED from src/main/AndroidManifest.xml:47:53-75
	android:name
		ADDED from src/main/AndroidManifest.xml:47:18-52
uses-sdk
INJECTED from src/main/AndroidManifest.xml reason: use-sdk injection requested
INJECTED from src/main/AndroidManifest.xml
INJECTED from src/main/AndroidManifest.xml
INJECTED from src/main/AndroidManifest.xml
INJECTED from src/main/AndroidManifest.xml
	android:targetSdkVersion
		INJECTED from src/main/AndroidManifest.xml
		ADDED from src/main/AndroidManifest.xml
		INJECTED from src/main/AndroidManifest.xml
	android:minSdkVersion
		INJECTED from src/main/AndroidManifest.xml
		ADDED from src/main/AndroidManifest.xml
		INJECTED from src/main/AndroidManifest.xml